<?xml version="1.0" encoding="UTF-8"?>
<!-- Generated by org.testng.reporters.JUnitReportReporter -->
<testsuite hostname="INGUEUCLP000666" failures="0" tests="4" name="rough.DataProviderTest2" time="12.073" errors="0" timestamp="04 Nov 2019 22:55:00 GMT" skipped="0">
  <testcase classname="rough.DataProviderTest2" name="doLogin" time="3.003"/>
  <testcase classname="rough.DataProviderTest2" name="doLogin" time="3.004"/>
  <testcase classname="rough.DataProviderTest2" name="doLogin" time="3.033"/>
  <testcase classname="rough.DataProviderTest2" name="doLogin" time="3.033"/>
</testsuite> <!-- rough.DataProviderTest2 -->
