<?xml version="1.0" encoding="UTF-8"?>
<!-- Generated by org.testng.reporters.JUnitReportReporter -->
<testsuite hostname="INGUEUCLP000666" failures="0" tests="1" name="testcases.OpenAccountTest" time="3.573" errors="0" timestamp="2019-10-14T19:03:20 IST" skipped="0">
  <testcase classname="testcases.OpenAccountTest" name="OpenAccountTest" time="3.573"/>
</testsuite> <!-- testcases.OpenAccountTest -->
