<?xml version="1.0" encoding="UTF-8"?>
<!-- Generated by org.testng.reporters.JUnitReportReporter -->
<testsuite hostname="INGUEUCLP000666" failures="0" tests="2" name="rough.DataProviderTest" time="6.096" errors="0" timestamp="04 Nov 2019 22:47:48 GMT" skipped="0">
  <testcase classname="rough.DataProviderTest" name="doLogin" time="3.048"/>
  <testcase classname="rough.DataProviderTest" name="doLogin" time="3.048"/>
</testsuite> <!-- rough.DataProviderTest -->
