<?xml version="1.0" encoding="UTF-8"?>
<!-- Generated by org.testng.reporters.JUnitReportReporter -->
<testsuite skipped="0" hostname="INGUEUCLP000666" name="testcases.LoginTest" tests="1" failures="0" timestamp="2019-10-13T01:46:58 IST" time="3.103" errors="0">
  <testcase name="loginAsBankManager" time="3.103" classname="testcases.LoginTest"/>
</testsuite> <!-- testcases.LoginTest -->
