<?xml version="1.0" encoding="UTF-8"?>
<!-- Generated by org.testng.reporters.JUnitReportReporter -->
<testsuite hostname="INGUEUCLP000666" failures="0" tests="1" name="testcases.AddCustomerTest" time="5.752" errors="0" timestamp="2019-10-14T19:03:20 IST" skipped="0">
  <testcase classname="testcases.AddCustomerTest" name="AddCustomerTest" time="5.752"/>
</testsuite> <!-- testcases.AddCustomerTest -->
