<?xml version="1.0" encoding="UTF-8"?>
<!-- Generated by org.testng.reporters.JUnitReportReporter -->
<testsuite hostname="INGUEUCLP000666" failures="0" tests="1" name="testcases.BankManagerLoginTest" time="3.164" errors="0" timestamp="2019-10-14T19:03:20 IST" skipped="0">
  <testcase classname="testcases.BankManagerLoginTest" name="loginAsBankManager" time="3.164"/>
</testsuite> <!-- testcases.BankManagerLoginTest -->
