<?xml version="1.0" encoding="UTF-8"?>
<!-- Generated by org.testng.reporters.JUnitReportReporter -->
<testsuite hostname="INGUEUCLP000666" failures="0" tests="4" name="rough.TestNGDemo" time="0.022" errors="0" timestamp="2019-11-01T00:46:07 IST" skipped="0">
  <testcase classname="rough.TestNGDemo" name="test2" time="0.013"/>
  <testcase classname="rough.TestNGDemo" name="test4" time="0.002"/>
  <testcase classname="rough.TestNGDemo" name="test3" time="0.002"/>
  <testcase classname="rough.TestNGDemo" name="test1" time="0.005"/>
</testsuite> <!-- rough.TestNGDemo -->
